<?xml version="1.0" encoding="UTF-8"?>
<!-- Generated by org.testng.reporters.JUnitReportReporter -->
<testsuite hostname="DESKTOP-BNLDEMC" failures="0" tests="1" name="Selenium.practice.NaukriLogin" time="47.261" errors="0" timestamp="2024-09-05T13:57:53 IST" skipped="0">
  <testcase classname="Selenium.practice.NaukriLogin" name="updatedResumeInNaukri" time="47.261"/>
  <system-out/>
</testsuite> <!-- Selenium.practice.NaukriLogin -->
